2026-05-19 10:12:36,066 - aqt.main - INFO - installer 28944 aqtinstall(aqt) v3.3.0 on Python 3.13.5 [CPython MSC v.1943 64 bit (AMD64)]
2026-05-19 10:12:36,067 - aqt.helper - DEBUG - helper 28944 Attempt to download checksum at https://download.qt.io/online/qtsdkrepository/windows_x86/desktop/qt6_683/qt6_683/Updates.xml.sha256
2026-05-19 10:12:36,645 - aqt.helper - DEBUG - helper 28944 Attempt to download checksum at https://download.qt.io/online/qtsdkrepository/windows_x86/extensions/qtwebengine/683/msvc2022_64/Updates.xml.sha256
2026-05-19 10:12:37,036 - aqt.archives - INFO - archives 28944 Found extension qtwebengine
2026-05-19 10:12:37,052 - aqt.helper - DEBUG - helper 28944 Attempt to download checksum at https://download.qt.io/online/qtsdkrepository/windows_x86/extensions/qtpdf/683/msvc2022_64/Updates.xml.sha256
2026-05-19 10:12:37,440 - aqt.archives - INFO - archives 28944 Found extension qtpdf
2026-05-19 10:12:37,448 - aqt.main - ERROR - installer 28944 The packages ['qtdeclarative', 'qtsvg', 'qttools'] were not found while parsing XML of package information!
==============================Suggested follow-up:==============================
* Please use 'aqt list-qt windows desktop --modules 6.8.3 <arch>' to show modules available.
2026-05-19 10:12:45,252 - aqt.helper - DEBUG - helper 13724 Attempt to download checksum at https://download.qt.io/online/qtsdkrepository/windows_x86/desktop/qt6_683/qt6_683/Updates.xml.sha256
2026-05-19 10:12:52,311 - aqt.helper - DEBUG - helper 3632 Attempt to download checksum at https://download.qt.io/online/qtsdkrepository/windows_x86/desktop/qt6_683/qt6_683/Updates.xml.sha256
2026-05-19 10:12:52,815 - aqt.helper - DEBUG - helper 3632 Attempt to download checksum at https://download.qt.io/online/qtsdkrepository/windows_x86/extensions/qtpdf/683/msvc2022_64/Updates.xml.sha256
2026-05-19 10:12:53,225 - aqt.helper - DEBUG - helper 3632 Attempt to download checksum at https://download.qt.io/online/qtsdkrepository/windows_x86/extensions/qtwebengine/683/msvc2022_64/Updates.xml.sha256
2026-05-19 10:13:01,583 - aqt.main - INFO - installer 33000 aqtinstall(aqt) v3.3.0 on Python 3.13.5 [CPython MSC v.1943 64 bit (AMD64)]
2026-05-19 10:13:01,583 - aqt.helper - DEBUG - helper 33000 Attempt to download checksum at https://download.qt.io/online/qtsdkrepository/windows_x86/desktop/qt6_683/qt6_683/Updates.xml.sha256
2026-05-19 10:13:02,137 - aqt.helper - DEBUG - helper 33000 Attempt to download checksum at https://download.qt.io/online/qtsdkrepository/windows_x86/extensions/qtwebengine/683/msvc2022_64/Updates.xml.sha256
2026-05-19 10:13:02,553 - aqt.archives - INFO - archives 33000 Found extension qtwebengine
2026-05-19 10:13:02,553 - aqt.helper - DEBUG - helper 33000 Attempt to download checksum at https://download.qt.io/online/qtsdkrepository/windows_x86/extensions/qtpdf/683/msvc2022_64/Updates.xml.sha256
2026-05-19 10:13:02,948 - aqt.archives - INFO - archives 33000 Found extension qtpdf
2026-05-19 10:13:03,853 - aqt.helper - DEBUG - helper 18248 Attempt to download checksum at https://download.qt.io/online/qtsdkrepository/windows_x86/desktop/qt6_683/qt6_683/qt.qt6.683.addons.qtimageformats.win64_msvc2022_64/6.8.3-0-202503201308qtimageformats-Windows-Windows_11_23H2-MSVC2022-Windows-Windows_11_23H2-X86_64.7z.sha256
2026-05-19 10:13:03,854 - aqt.helper - DEBUG - helper 30932 Attempt to download checksum at https://download.qt.io/online/qtsdkrepository/windows_x86/desktop/qt6_683/qt6_683/qt.qt6.683.win64_msvc2022_64/6.8.3-0-202503201308qtbase-Windows-Windows_11_23H2-MSVC2022-Windows-Windows_11_23H2-X86_64.7z.sha256
2026-05-19 10:13:03,855 - aqt.helper - DEBUG - helper 14372 Attempt to download checksum at https://download.qt.io/online/qtsdkrepository/windows_x86/desktop/qt6_683/qt6_683/qt.qt6.683.win64_msvc2022_64/6.8.3-0-202503201308qtdeclarative-Windows-Windows_11_23H2-MSVC2022-Windows-Windows_11_23H2-X86_64.7z.sha256
2026-05-19 10:13:03,856 - aqt.helper - DEBUG - helper 24176 Attempt to download checksum at https://download.qt.io/online/qtsdkrepository/windows_x86/desktop/qt6_683/qt6_683/qt.qt6.683.win64_msvc2022_64/6.8.3-0-202503201308qtsvg-Windows-Windows_11_23H2-MSVC2022-Windows-Windows_11_23H2-X86_64.7z.sha256
2026-05-19 10:13:04,054 - aqt.helper - INFO - helper 18248 Downloading qtimageformats...
2026-05-19 10:13:04,056 - aqt.helper - INFO - helper 14372 Downloading qtdeclarative...
2026-05-19 10:13:04,056 - aqt.helper - INFO - helper 30932 Downloading qtbase...
2026-05-19 10:13:04,054 - aqt.installer - DEBUG - installer 18248 Download URL: https://download.qt.io/online/qtsdkrepository/windows_x86/desktop/qt6_683/qt6_683/qt.qt6.683.addons.qtimageformats.win64_msvc2022_64/6.8.3-0-202503201308qtimageformats-Windows-Windows_11_23H2-MSVC2022-Windows-Windows_11_23H2-X86_64.7z
2026-05-19 10:13:04,057 - aqt.installer - DEBUG - installer 30932 Download URL: https://download.qt.io/online/qtsdkrepository/windows_x86/desktop/qt6_683/qt6_683/qt.qt6.683.win64_msvc2022_64/6.8.3-0-202503201308qtbase-Windows-Windows_11_23H2-MSVC2022-Windows-Windows_11_23H2-X86_64.7z
2026-05-19 10:13:04,056 - aqt.installer - DEBUG - installer 14372 Download URL: https://download.qt.io/online/qtsdkrepository/windows_x86/desktop/qt6_683/qt6_683/qt.qt6.683.win64_msvc2022_64/6.8.3-0-202503201308qtdeclarative-Windows-Windows_11_23H2-MSVC2022-Windows-Windows_11_23H2-X86_64.7z
2026-05-19 10:13:04,063 - aqt.helper - INFO - helper 24176 Downloading qtsvg...
2026-05-19 10:13:04,064 - aqt.installer - DEBUG - installer 24176 Download URL: https://download.qt.io/online/qtsdkrepository/windows_x86/desktop/qt6_683/qt6_683/qt.qt6.683.win64_msvc2022_64/6.8.3-0-202503201308qtsvg-Windows-Windows_11_23H2-MSVC2022-Windows-Windows_11_23H2-X86_64.7z
2026-05-19 10:13:04,282 - aqt.helper - DEBUG - helper 14372 Asked to redirect(302) to: https://ftp.fau.de/qtproject/online/qtsdkrepository/windows_x86/desktop/qt6_683/qt6_683/qt.qt6.683.win64_msvc2022_64/6.8.3-0-202503201308qtdeclarative-Windows-Windows_11_23H2-MSVC2022-Windows-Windows_11_23H2-X86_64.7z
2026-05-19 10:13:04,283 - aqt.helper - INFO - helper 14372 Redirected: ftp.fau.de
2026-05-19 10:13:04,287 - aqt.helper - DEBUG - helper 24176 Asked to redirect(302) to: https://ftp.fau.de/qtproject/online/qtsdkrepository/windows_x86/desktop/qt6_683/qt6_683/qt.qt6.683.win64_msvc2022_64/6.8.3-0-202503201308qtsvg-Windows-Windows_11_23H2-MSVC2022-Windows-Windows_11_23H2-X86_64.7z
2026-05-19 10:13:04,287 - aqt.helper - INFO - helper 24176 Redirected: ftp.fau.de
2026-05-19 10:13:04,306 - aqt.helper - DEBUG - helper 18248 Asked to redirect(302) to: https://ftp.fau.de/qtproject/online/qtsdkrepository/windows_x86/desktop/qt6_683/qt6_683/qt.qt6.683.addons.qtimageformats.win64_msvc2022_64/6.8.3-0-202503201308qtimageformats-Windows-Windows_11_23H2-MSVC2022-Windows-Windows_11_23H2-X86_64.7z
2026-05-19 10:13:04,306 - aqt.helper - INFO - helper 18248 Redirected: ftp.fau.de
2026-05-19 10:13:04,316 - aqt.helper - DEBUG - helper 30932 Asked to redirect(302) to: https://ftp.fau.de/qtproject/online/qtsdkrepository/windows_x86/desktop/qt6_683/qt6_683/qt.qt6.683.win64_msvc2022_64/6.8.3-0-202503201308qtbase-Windows-Windows_11_23H2-MSVC2022-Windows-Windows_11_23H2-X86_64.7z
2026-05-19 10:13:04,316 - aqt.helper - INFO - helper 30932 Redirected: ftp.fau.de
2026-05-19 10:13:04,927 - aqt.installer - INFO - installer 24176 Finished installation of qtsvg-Windows-Windows_11_23H2-MSVC2022-Windows-Windows_11_23H2-X86_64.7z in 1.07361810
2026-05-19 10:13:04,938 - aqt.helper - DEBUG - helper 24176 Attempt to download checksum at https://download.qt.io/online/qtsdkrepository/windows_x86/desktop/qt6_683/qt6_683/qt.qt6.683.win64_msvc2022_64/6.8.3-0-202503201308qttools-Windows-Windows_11_23H2-MSVC2022-Windows-Windows_11_23H2-X86_64.7z.sha256
2026-05-19 10:13:05,128 - aqt.installer - INFO - installer 18248 Finished installation of qtimageformats-Windows-Windows_11_23H2-MSVC2022-Windows-Windows_11_23H2-X86_64.7z in 1.27715840
2026-05-19 10:13:05,139 - aqt.helper - DEBUG - helper 18248 Attempt to download checksum at https://download.qt.io/online/qtsdkrepository/windows_x86/desktop/qt6_683/qt6_683/qt.qt6.683.win64_msvc2022_64/6.8.3-0-202503201308qttranslations-Windows-Windows_11_23H2-MSVC2022-Windows-Windows_11_23H2-X86_64.7z.sha256
2026-05-19 10:13:05,365 - aqt.helper - INFO - helper 24176 Downloading qttools...
2026-05-19 10:13:05,365 - aqt.installer - DEBUG - installer 24176 Download URL: https://download.qt.io/online/qtsdkrepository/windows_x86/desktop/qt6_683/qt6_683/qt.qt6.683.win64_msvc2022_64/6.8.3-0-202503201308qttools-Windows-Windows_11_23H2-MSVC2022-Windows-Windows_11_23H2-X86_64.7z
2026-05-19 10:13:05,586 - aqt.helper - INFO - helper 18248 Downloading qttranslations...
2026-05-19 10:13:05,587 - aqt.installer - DEBUG - installer 18248 Download URL: https://download.qt.io/online/qtsdkrepository/windows_x86/desktop/qt6_683/qt6_683/qt.qt6.683.win64_msvc2022_64/6.8.3-0-202503201308qttranslations-Windows-Windows_11_23H2-MSVC2022-Windows-Windows_11_23H2-X86_64.7z
2026-05-19 10:13:05,848 - aqt.helper - DEBUG - helper 24176 Asked to redirect(302) to: https://ftp.fau.de/qtproject/online/qtsdkrepository/windows_x86/desktop/qt6_683/qt6_683/qt.qt6.683.win64_msvc2022_64/6.8.3-0-202503201308qttools-Windows-Windows_11_23H2-MSVC2022-Windows-Windows_11_23H2-X86_64.7z
2026-05-19 10:13:05,848 - aqt.helper - INFO - helper 24176 Redirected: ftp.fau.de
2026-05-19 10:13:06,127 - aqt.helper - DEBUG - helper 18248 Asked to redirect(302) to: https://ftp.fau.de/qtproject/online/qtsdkrepository/windows_x86/desktop/qt6_683/qt6_683/qt.qt6.683.win64_msvc2022_64/6.8.3-0-202503201308qttranslations-Windows-Windows_11_23H2-MSVC2022-Windows-Windows_11_23H2-X86_64.7z
2026-05-19 10:13:06,127 - aqt.helper - INFO - helper 18248 Redirected: ftp.fau.de
2026-05-19 10:13:09,950 - aqt.installer - INFO - installer 18248 Finished installation of qttranslations-Windows-Windows_11_23H2-MSVC2022-Windows-Windows_11_23H2-X86_64.7z in 4.81297370
2026-05-19 10:13:09,963 - aqt.helper - DEBUG - helper 18248 Attempt to download checksum at https://download.qt.io/online/qtsdkrepository/windows_x86/desktop/qt6_683/qt6_683/qt.qt6.683.win64_msvc2022_64/6.8.3-0-202503201308d3dcompiler_47-x64.7z.sha256
2026-05-19 10:13:10,237 - aqt.helper - INFO - helper 18248 Downloading d3dcompiler_47...
2026-05-19 10:13:10,237 - aqt.installer - DEBUG - installer 18248 Download URL: https://download.qt.io/online/qtsdkrepository/windows_x86/desktop/qt6_683/qt6_683/qt.qt6.683.win64_msvc2022_64/6.8.3-0-202503201308d3dcompiler_47-x64.7z
2026-05-19 10:13:10,597 - aqt.helper - DEBUG - helper 18248 Asked to redirect(302) to: https://ftp.fau.de/qtproject/online/qtsdkrepository/windows_x86/desktop/qt6_683/qt6_683/qt.qt6.683.win64_msvc2022_64/6.8.3-0-202503201308d3dcompiler_47-x64.7z
2026-05-19 10:13:10,597 - aqt.helper - INFO - helper 18248 Redirected: ftp.fau.de
2026-05-19 10:13:11,497 - aqt.installer - INFO - installer 18248 Finished installation of d3dcompiler_47-x64.7z in 1.53694760
2026-05-19 10:13:11,509 - aqt.helper - DEBUG - helper 18248 Attempt to download checksum at https://download.qt.io/online/qtsdkrepository/windows_x86/desktop/qt6_683/qt6_683/qt.qt6.683.win64_msvc2022_64/6.8.3-0-202503201308opengl32sw-64-mesa_11_2_2-signed_sha256.7z.sha256
2026-05-19 10:13:11,725 - aqt.helper - INFO - helper 18248 Downloading opengl32sw...
2026-05-19 10:13:11,725 - aqt.installer - DEBUG - installer 18248 Download URL: https://download.qt.io/online/qtsdkrepository/windows_x86/desktop/qt6_683/qt6_683/qt.qt6.683.win64_msvc2022_64/6.8.3-0-202503201308opengl32sw-64-mesa_11_2_2-signed_sha256.7z
2026-05-19 10:13:11,930 - aqt.helper - DEBUG - helper 18248 Asked to redirect(302) to: https://ftp.fau.de/qtproject/online/qtsdkrepository/windows_x86/desktop/qt6_683/qt6_683/qt.qt6.683.win64_msvc2022_64/6.8.3-0-202503201308opengl32sw-64-mesa_11_2_2-signed_sha256.7z
2026-05-19 10:13:11,930 - aqt.helper - INFO - helper 18248 Redirected: ftp.fau.de
2026-05-19 10:13:13,277 - aqt.installer - INFO - installer 18248 Finished installation of opengl32sw-64-mesa_11_2_2-signed_sha256.7z in 1.77015090
2026-05-19 10:13:16,924 - aqt.installer - INFO - installer 30932 Finished installation of qtbase-Windows-Windows_11_23H2-MSVC2022-Windows-Windows_11_23H2-X86_64.7z in 13.07234680
2026-05-19 10:13:19,674 - aqt.installer - INFO - installer 24176 Finished installation of qttools-Windows-Windows_11_23H2-MSVC2022-Windows-Windows_11_23H2-X86_64.7z in 14.73785800
2026-05-19 10:13:43,216 - aqt.installer - INFO - installer 14372 Finished installation of qtdeclarative-Windows-Windows_11_23H2-MSVC2022-Windows-Windows_11_23H2-X86_64.7z in 39.36383360
2026-05-19 10:13:43,438 - aqt.updater - INFO - updater 33000 Patching C:\Qt\6.8.3\msvc2022_64\bin\qmake.exe
2026-05-19 10:13:43,444 - aqt.updater - INFO - updater 33000 Patching C:\Qt\6.8.3\msvc2022_64\lib\Qt6Concurrent.prl
2026-05-19 10:13:43,451 - aqt.updater - INFO - updater 33000 Patching C:\Qt\6.8.3\msvc2022_64\lib\Qt6Concurrentd.prl
2026-05-19 10:13:43,457 - aqt.updater - INFO - updater 33000 Patching C:\Qt\6.8.3\msvc2022_64\lib\Qt6Core.prl
2026-05-19 10:13:43,464 - aqt.updater - INFO - updater 33000 Patching C:\Qt\6.8.3\msvc2022_64\lib\Qt6Cored.prl
2026-05-19 10:13:43,471 - aqt.updater - INFO - updater 33000 Patching C:\Qt\6.8.3\msvc2022_64\lib\Qt6DBus.prl
2026-05-19 10:13:43,477 - aqt.updater - INFO - updater 33000 Patching C:\Qt\6.8.3\msvc2022_64\lib\Qt6DBusd.prl
2026-05-19 10:13:43,484 - aqt.updater - INFO - updater 33000 Patching C:\Qt\6.8.3\msvc2022_64\lib\Qt6Designer.prl
2026-05-19 10:13:43,491 - aqt.updater - INFO - updater 33000 Patching C:\Qt\6.8.3\msvc2022_64\lib\Qt6DesignerComponents.prl
2026-05-19 10:13:43,498 - aqt.updater - INFO - updater 33000 Patching C:\Qt\6.8.3\msvc2022_64\lib\Qt6DesignerComponentsd.prl
2026-05-19 10:13:43,505 - aqt.updater - INFO - updater 33000 Patching C:\Qt\6.8.3\msvc2022_64\lib\Qt6Designerd.prl
2026-05-19 10:13:43,512 - aqt.updater - INFO - updater 33000 Patching C:\Qt\6.8.3\msvc2022_64\lib\Qt6DeviceDiscoverySupport.prl
2026-05-19 10:13:43,520 - aqt.updater - INFO - updater 33000 Patching C:\Qt\6.8.3\msvc2022_64\lib\Qt6DeviceDiscoverySupportd.prl
2026-05-19 10:13:43,530 - aqt.updater - INFO - updater 33000 Patching C:\Qt\6.8.3\msvc2022_64\lib\Qt6EntryPoint.prl
2026-05-19 10:13:43,539 - aqt.updater - INFO - updater 33000 Patching C:\Qt\6.8.3\msvc2022_64\lib\Qt6EntryPointd.prl
2026-05-19 10:13:43,547 - aqt.updater - INFO - updater 33000 Patching C:\Qt\6.8.3\msvc2022_64\lib\Qt6ExampleIcons.prl
2026-05-19 10:13:43,554 - aqt.updater - INFO - updater 33000 Patching C:\Qt\6.8.3\msvc2022_64\lib\Qt6ExampleIconsd.prl
2026-05-19 10:13:43,564 - aqt.updater - INFO - updater 33000 Patching C:\Qt\6.8.3\msvc2022_64\lib\Qt6ExamplesAssetDownloader.prl
2026-05-19 10:13:43,574 - aqt.updater - INFO - updater 33000 Patching C:\Qt\6.8.3\msvc2022_64\lib\Qt6ExamplesAssetDownloaderd.prl
2026-05-19 10:13:43,586 - aqt.updater - INFO - updater 33000 Patching C:\Qt\6.8.3\msvc2022_64\lib\Qt6FbSupport.prl
2026-05-19 10:13:43,593 - aqt.updater - INFO - updater 33000 Patching C:\Qt\6.8.3\msvc2022_64\lib\Qt6FbSupportd.prl
2026-05-19 10:13:43,604 - aqt.updater - INFO - updater 33000 Patching C:\Qt\6.8.3\msvc2022_64\lib\Qt6Gui.prl
2026-05-19 10:13:43,611 - aqt.updater - INFO - updater 33000 Patching C:\Qt\6.8.3\msvc2022_64\lib\Qt6Guid.prl
2026-05-19 10:13:43,620 - aqt.updater - INFO - updater 33000 Patching C:\Qt\6.8.3\msvc2022_64\lib\Qt6Help.prl
2026-05-19 10:13:43,627 - aqt.updater - INFO - updater 33000 Patching C:\Qt\6.8.3\msvc2022_64\lib\Qt6Helpd.prl
2026-05-19 10:13:43,634 - aqt.updater - INFO - updater 33000 Patching C:\Qt\6.8.3\msvc2022_64\lib\Qt6LabsAnimation.prl
2026-05-19 10:13:43,642 - aqt.updater - INFO - updater 33000 Patching C:\Qt\6.8.3\msvc2022_64\lib\Qt6LabsAnimationd.prl
2026-05-19 10:13:43,653 - aqt.updater - INFO - updater 33000 Patching C:\Qt\6.8.3\msvc2022_64\lib\Qt6LabsFolderListModel.prl
2026-05-19 10:13:43,662 - aqt.updater - INFO - updater 33000 Patching C:\Qt\6.8.3\msvc2022_64\lib\Qt6LabsFolderListModeld.prl
2026-05-19 10:13:43,670 - aqt.updater - INFO - updater 33000 Patching C:\Qt\6.8.3\msvc2022_64\lib\Qt6LabsPlatform.prl
2026-05-19 10:13:43,680 - aqt.updater - INFO - updater 33000 Patching C:\Qt\6.8.3\msvc2022_64\lib\Qt6LabsPlatformd.prl
2026-05-19 10:13:43,690 - aqt.updater - INFO - updater 33000 Patching C:\Qt\6.8.3\msvc2022_64\lib\Qt6LabsQmlModels.prl
2026-05-19 10:13:43,699 - aqt.updater - INFO - updater 33000 Patching C:\Qt\6.8.3\msvc2022_64\lib\Qt6LabsQmlModelsd.prl
2026-05-19 10:13:43,708 - aqt.updater - INFO - updater 33000 Patching C:\Qt\6.8.3\msvc2022_64\lib\Qt6LabsSettings.prl
2026-05-19 10:13:43,716 - aqt.updater - INFO - updater 33000 Patching C:\Qt\6.8.3\msvc2022_64\lib\Qt6LabsSettingsd.prl
2026-05-19 10:13:43,724 - aqt.updater - INFO - updater 33000 Patching C:\Qt\6.8.3\msvc2022_64\lib\Qt6LabsSharedImage.prl
2026-05-19 10:13:43,734 - aqt.updater - INFO - updater 33000 Patching C:\Qt\6.8.3\msvc2022_64\lib\Qt6LabsSharedImaged.prl
2026-05-19 10:13:43,741 - aqt.updater - INFO - updater 33000 Patching C:\Qt\6.8.3\msvc2022_64\lib\Qt6LabsWavefrontMesh.prl
2026-05-19 10:13:43,751 - aqt.updater - INFO - updater 33000 Patching C:\Qt\6.8.3\msvc2022_64\lib\Qt6LabsWavefrontMeshd.prl
2026-05-19 10:13:43,760 - aqt.updater - INFO - updater 33000 Patching C:\Qt\6.8.3\msvc2022_64\lib\Qt6Network.prl
2026-05-19 10:13:43,767 - aqt.updater - INFO - updater 33000 Patching C:\Qt\6.8.3\msvc2022_64\lib\Qt6Networkd.prl
2026-05-19 10:13:43,774 - aqt.updater - INFO - updater 33000 Patching C:\Qt\6.8.3\msvc2022_64\lib\Qt6OpenGL.prl
2026-05-19 10:13:43,783 - aqt.updater - INFO - updater 33000 Patching C:\Qt\6.8.3\msvc2022_64\lib\Qt6OpenGLd.prl
2026-05-19 10:13:43,794 - aqt.updater - INFO - updater 33000 Patching C:\Qt\6.8.3\msvc2022_64\lib\Qt6OpenGLWidgets.prl
2026-05-19 10:13:43,803 - aqt.updater - INFO - updater 33000 Patching C:\Qt\6.8.3\msvc2022_64\lib\Qt6OpenGLWidgetsd.prl
2026-05-19 10:13:43,811 - aqt.updater - INFO - updater 33000 Patching C:\Qt\6.8.3\msvc2022_64\lib\Qt6PacketProtocol.prl
2026-05-19 10:13:43,819 - aqt.updater - INFO - updater 33000 Patching C:\Qt\6.8.3\msvc2022_64\lib\Qt6PacketProtocold.prl
2026-05-19 10:13:43,829 - aqt.updater - INFO - updater 33000 Patching C:\Qt\6.8.3\msvc2022_64\lib\Qt6PrintSupport.prl
2026-05-19 10:13:43,835 - aqt.updater - INFO - updater 33000 Patching C:\Qt\6.8.3\msvc2022_64\lib\Qt6PrintSupportd.prl
2026-05-19 10:13:43,842 - aqt.updater - INFO - updater 33000 Patching C:\Qt\6.8.3\msvc2022_64\lib\Qt6Qml.prl
2026-05-19 10:13:43,851 - aqt.updater - INFO - updater 33000 Patching C:\Qt\6.8.3\msvc2022_64\lib\Qt6QmlAssetDownloader.prl
2026-05-19 10:13:43,860 - aqt.updater - INFO - updater 33000 Patching C:\Qt\6.8.3\msvc2022_64\lib\Qt6QmlAssetDownloaderd.prl
2026-05-19 10:13:43,866 - aqt.updater - INFO - updater 33000 Patching C:\Qt\6.8.3\msvc2022_64\lib\Qt6QmlCompiler.prl
2026-05-19 10:13:43,876 - aqt.updater - INFO - updater 33000 Patching C:\Qt\6.8.3\msvc2022_64\lib\Qt6QmlCompilerd.prl
2026-05-19 10:13:43,882 - aqt.updater - INFO - updater 33000 Patching C:\Qt\6.8.3\msvc2022_64\lib\Qt6QmlCore.prl
2026-05-19 10:13:43,889 - aqt.updater - INFO - updater 33000 Patching C:\Qt\6.8.3\msvc2022_64\lib\Qt6QmlCored.prl
2026-05-19 10:13:43,896 - aqt.updater - INFO - updater 33000 Patching C:\Qt\6.8.3\msvc2022_64\lib\Qt6Qmld.prl
2026-05-19 10:13:43,908 - aqt.updater - INFO - updater 33000 Patching C:\Qt\6.8.3\msvc2022_64\lib\Qt6QmlDebug.prl
2026-05-19 10:13:43,922 - aqt.updater - INFO - updater 33000 Patching C:\Qt\6.8.3\msvc2022_64\lib\Qt6QmlDebugd.prl
2026-05-19 10:13:43,934 - aqt.updater - INFO - updater 33000 Patching C:\Qt\6.8.3\msvc2022_64\lib\Qt6QmlDom.prl
2026-05-19 10:13:43,943 - aqt.updater - INFO - updater 33000 Patching C:\Qt\6.8.3\msvc2022_64\lib\Qt6QmlDomd.prl
2026-05-19 10:13:43,954 - aqt.updater - INFO - updater 33000 Patching C:\Qt\6.8.3\msvc2022_64\lib\Qt6QmlLocalStorage.prl
2026-05-19 10:13:43,966 - aqt.updater - INFO - updater 33000 Patching C:\Qt\6.8.3\msvc2022_64\lib\Qt6QmlLocalStoraged.prl
2026-05-19 10:13:43,975 - aqt.updater - INFO - updater 33000 Patching C:\Qt\6.8.3\msvc2022_64\lib\Qt6QmlLS.prl
2026-05-19 10:13:43,982 - aqt.updater - INFO - updater 33000 Patching C:\Qt\6.8.3\msvc2022_64\lib\Qt6QmlLSd.prl
2026-05-19 10:13:43,991 - aqt.updater - INFO - updater 33000 Patching C:\Qt\6.8.3\msvc2022_64\lib\Qt6QmlMeta.prl
2026-05-19 10:13:43,998 - aqt.updater - INFO - updater 33000 Patching C:\Qt\6.8.3\msvc2022_64\lib\Qt6QmlMetad.prl
2026-05-19 10:13:44,007 - aqt.updater - INFO - updater 33000 Patching C:\Qt\6.8.3\msvc2022_64\lib\Qt6QmlModels.prl
2026-05-19 10:13:44,015 - aqt.updater - INFO - updater 33000 Patching C:\Qt\6.8.3\msvc2022_64\lib\Qt6QmlModelsd.prl
2026-05-19 10:13:44,023 - aqt.updater - INFO - updater 33000 Patching C:\Qt\6.8.3\msvc2022_64\lib\Qt6QmlNetwork.prl
2026-05-19 10:13:44,030 - aqt.updater - INFO - updater 33000 Patching C:\Qt\6.8.3\msvc2022_64\lib\Qt6QmlNetworkd.prl
2026-05-19 10:13:44,038 - aqt.updater - INFO - updater 33000 Patching C:\Qt\6.8.3\msvc2022_64\lib\Qt6QmlToolingSettings.prl
2026-05-19 10:13:44,046 - aqt.updater - INFO - updater 33000 Patching C:\Qt\6.8.3\msvc2022_64\lib\Qt6QmlToolingSettingsd.prl
2026-05-19 10:13:44,055 - aqt.updater - INFO - updater 33000 Patching C:\Qt\6.8.3\msvc2022_64\lib\Qt6QmlTypeRegistrar.prl
2026-05-19 10:13:44,063 - aqt.updater - INFO - updater 33000 Patching C:\Qt\6.8.3\msvc2022_64\lib\Qt6QmlTypeRegistrard.prl
2026-05-19 10:13:44,074 - aqt.updater - INFO - updater 33000 Patching C:\Qt\6.8.3\msvc2022_64\lib\Qt6QmlWorkerScript.prl
2026-05-19 10:13:44,083 - aqt.updater - INFO - updater 33000 Patching C:\Qt\6.8.3\msvc2022_64\lib\Qt6QmlWorkerScriptd.prl
2026-05-19 10:13:44,090 - aqt.updater - INFO - updater 33000 Patching C:\Qt\6.8.3\msvc2022_64\lib\Qt6QmlXmlListModel.prl
2026-05-19 10:13:44,108 - aqt.updater - INFO - updater 33000 Patching C:\Qt\6.8.3\msvc2022_64\lib\Qt6QmlXmlListModeld.prl
2026-05-19 10:13:44,119 - aqt.updater - INFO - updater 33000 Patching C:\Qt\6.8.3\msvc2022_64\lib\Qt6Quick.prl
2026-05-19 10:13:44,127 - aqt.updater - INFO - updater 33000 Patching C:\Qt\6.8.3\msvc2022_64\lib\Qt6QuickControls2.prl
2026-05-19 10:13:44,134 - aqt.updater - INFO - updater 33000 Patching C:\Qt\6.8.3\msvc2022_64\lib\Qt6QuickControls2Basic.prl
2026-05-19 10:13:44,143 - aqt.updater - INFO - updater 33000 Patching C:\Qt\6.8.3\msvc2022_64\lib\Qt6QuickControls2Basicd.prl
2026-05-19 10:13:44,151 - aqt.updater - INFO - updater 33000 Patching C:\Qt\6.8.3\msvc2022_64\lib\Qt6QuickControls2BasicStyleImpl.prl
2026-05-19 10:13:44,157 - aqt.updater - INFO - updater 33000 Patching C:\Qt\6.8.3\msvc2022_64\lib\Qt6QuickControls2BasicStyleImpld.prl
2026-05-19 10:13:44,165 - aqt.updater - INFO - updater 33000 Patching C:\Qt\6.8.3\msvc2022_64\lib\Qt6QuickControls2d.prl
2026-05-19 10:13:44,174 - aqt.updater - INFO - updater 33000 Patching C:\Qt\6.8.3\msvc2022_64\lib\Qt6QuickControls2FluentWinUI3StyleImpl.prl
2026-05-19 10:13:44,185 - aqt.updater - INFO - updater 33000 Patching C:\Qt\6.8.3\msvc2022_64\lib\Qt6QuickControls2FluentWinUI3StyleImpld.prl
2026-05-19 10:13:44,194 - aqt.updater - INFO - updater 33000 Patching C:\Qt\6.8.3\msvc2022_64\lib\Qt6QuickControls2Fusion.prl
2026-05-19 10:13:44,200 - aqt.updater - INFO - updater 33000 Patching C:\Qt\6.8.3\msvc2022_64\lib\Qt6QuickControls2Fusiond.prl
2026-05-19 10:13:44,206 - aqt.updater - INFO - updater 33000 Patching C:\Qt\6.8.3\msvc2022_64\lib\Qt6QuickControls2FusionStyleImpl.prl
2026-05-19 10:13:44,212 - aqt.updater - INFO - updater 33000 Patching C:\Qt\6.8.3\msvc2022_64\lib\Qt6QuickControls2FusionStyleImpld.prl
2026-05-19 10:13:44,221 - aqt.updater - INFO - updater 33000 Patching C:\Qt\6.8.3\msvc2022_64\lib\Qt6QuickControls2Imagine.prl
2026-05-19 10:13:44,228 - aqt.updater - INFO - updater 33000 Patching C:\Qt\6.8.3\msvc2022_64\lib\Qt6QuickControls2Imagined.prl
2026-05-19 10:13:44,234 - aqt.updater - INFO - updater 33000 Patching C:\Qt\6.8.3\msvc2022_64\lib\Qt6QuickControls2ImagineStyleImpl.prl
2026-05-19 10:13:44,240 - aqt.updater - INFO - updater 33000 Patching C:\Qt\6.8.3\msvc2022_64\lib\Qt6QuickControls2ImagineStyleImpld.prl
2026-05-19 10:13:44,247 - aqt.updater - INFO - updater 33000 Patching C:\Qt\6.8.3\msvc2022_64\lib\Qt6QuickControls2Impl.prl
2026-05-19 10:13:44,254 - aqt.updater - INFO - updater 33000 Patching C:\Qt\6.8.3\msvc2022_64\lib\Qt6QuickControls2Impld.prl
2026-05-19 10:13:44,260 - aqt.updater - INFO - updater 33000 Patching C:\Qt\6.8.3\msvc2022_64\lib\Qt6QuickControls2Material.prl
2026-05-19 10:13:44,269 - aqt.updater - INFO - updater 33000 Patching C:\Qt\6.8.3\msvc2022_64\lib\Qt6QuickControls2Materiald.prl
2026-05-19 10:13:44,278 - aqt.updater - INFO - updater 33000 Patching C:\Qt\6.8.3\msvc2022_64\lib\Qt6QuickControls2MaterialStyleImpl.prl
2026-05-19 10:13:44,287 - aqt.updater - INFO - updater 33000 Patching C:\Qt\6.8.3\msvc2022_64\lib\Qt6QuickControls2MaterialStyleImpld.prl
2026-05-19 10:13:44,295 - aqt.updater - INFO - updater 33000 Patching C:\Qt\6.8.3\msvc2022_64\lib\Qt6QuickControls2Universal.prl
2026-05-19 10:13:44,306 - aqt.updater - INFO - updater 33000 Patching C:\Qt\6.8.3\msvc2022_64\lib\Qt6QuickControls2Universald.prl
2026-05-19 10:13:44,314 - aqt.updater - INFO - updater 33000 Patching C:\Qt\6.8.3\msvc2022_64\lib\Qt6QuickControls2UniversalStyleImpl.prl
2026-05-19 10:13:44,323 - aqt.updater - INFO - updater 33000 Patching C:\Qt\6.8.3\msvc2022_64\lib\Qt6QuickControls2UniversalStyleImpld.prl
2026-05-19 10:13:44,332 - aqt.updater - INFO - updater 33000 Patching C:\Qt\6.8.3\msvc2022_64\lib\Qt6QuickControls2WindowsStyleImpl.prl
2026-05-19 10:13:44,341 - aqt.updater - INFO - updater 33000 Patching C:\Qt\6.8.3\msvc2022_64\lib\Qt6QuickControls2WindowsStyleImpld.prl
2026-05-19 10:13:44,350 - aqt.updater - INFO - updater 33000 Patching C:\Qt\6.8.3\msvc2022_64\lib\Qt6QuickControlsTestUtils.prl
2026-05-19 10:13:44,359 - aqt.updater - INFO - updater 33000 Patching C:\Qt\6.8.3\msvc2022_64\lib\Qt6QuickControlsTestUtilsd.prl
2026-05-19 10:13:44,370 - aqt.updater - INFO - updater 33000 Patching C:\Qt\6.8.3\msvc2022_64\lib\Qt6Quickd.prl
2026-05-19 10:13:44,376 - aqt.updater - INFO - updater 33000 Patching C:\Qt\6.8.3\msvc2022_64\lib\Qt6QuickDialogs2.prl
2026-05-19 10:13:44,384 - aqt.updater - INFO - updater 33000 Patching C:\Qt\6.8.3\msvc2022_64\lib\Qt6QuickDialogs2d.prl
2026-05-19 10:13:44,393 - aqt.updater - INFO - updater 33000 Patching C:\Qt\6.8.3\msvc2022_64\lib\Qt6QuickDialogs2QuickImpl.prl
2026-05-19 10:13:44,401 - aqt.updater - INFO - updater 33000 Patching C:\Qt\6.8.3\msvc2022_64\lib\Qt6QuickDialogs2QuickImpld.prl
2026-05-19 10:13:44,412 - aqt.updater - INFO - updater 33000 Patching C:\Qt\6.8.3\msvc2022_64\lib\Qt6QuickDialogs2Utils.prl
2026-05-19 10:13:44,420 - aqt.updater - INFO - updater 33000 Patching C:\Qt\6.8.3\msvc2022_64\lib\Qt6QuickDialogs2Utilsd.prl
2026-05-19 10:13:44,428 - aqt.updater - INFO - updater 33000 Patching C:\Qt\6.8.3\msvc2022_64\lib\Qt6QuickEffects.prl
2026-05-19 10:13:44,435 - aqt.updater - INFO - updater 33000 Patching C:\Qt\6.8.3\msvc2022_64\lib\Qt6QuickEffectsd.prl
2026-05-19 10:13:44,443 - aqt.updater - INFO - updater 33000 Patching C:\Qt\6.8.3\msvc2022_64\lib\Qt6QuickLayouts.prl
2026-05-19 10:13:44,452 - aqt.updater - INFO - updater 33000 Patching C:\Qt\6.8.3\msvc2022_64\lib\Qt6QuickLayoutsd.prl
2026-05-19 10:13:44,462 - aqt.updater - INFO - updater 33000 Patching C:\Qt\6.8.3\msvc2022_64\lib\Qt6QuickParticles.prl
2026-05-19 10:13:44,469 - aqt.updater - INFO - updater 33000 Patching C:\Qt\6.8.3\msvc2022_64\lib\Qt6QuickParticlesd.prl
2026-05-19 10:13:44,476 - aqt.updater - INFO - updater 33000 Patching C:\Qt\6.8.3\msvc2022_64\lib\Qt6QuickShapes.prl
2026-05-19 10:13:44,484 - aqt.updater - INFO - updater 33000 Patching C:\Qt\6.8.3\msvc2022_64\lib\Qt6QuickShapesd.prl
2026-05-19 10:13:44,493 - aqt.updater - INFO - updater 33000 Patching C:\Qt\6.8.3\msvc2022_64\lib\Qt6QuickTemplates2.prl
2026-05-19 10:13:44,500 - aqt.updater - INFO - updater 33000 Patching C:\Qt\6.8.3\msvc2022_64\lib\Qt6QuickTemplates2d.prl
2026-05-19 10:13:44,512 - aqt.updater - INFO - updater 33000 Patching C:\Qt\6.8.3\msvc2022_64\lib\Qt6QuickTest.prl
2026-05-19 10:13:44,520 - aqt.updater - INFO - updater 33000 Patching C:\Qt\6.8.3\msvc2022_64\lib\Qt6QuickTestd.prl
2026-05-19 10:13:44,527 - aqt.updater - INFO - updater 33000 Patching C:\Qt\6.8.3\msvc2022_64\lib\Qt6QuickTestUtils.prl
2026-05-19 10:13:44,537 - aqt.updater - INFO - updater 33000 Patching C:\Qt\6.8.3\msvc2022_64\lib\Qt6QuickTestUtilsd.prl
2026-05-19 10:13:44,546 - aqt.updater - INFO - updater 33000 Patching C:\Qt\6.8.3\msvc2022_64\lib\Qt6QuickVectorImage.prl
2026-05-19 10:13:44,553 - aqt.updater - INFO - updater 33000 Patching C:\Qt\6.8.3\msvc2022_64\lib\Qt6QuickVectorImaged.prl
2026-05-19 10:13:44,562 - aqt.updater - INFO - updater 33000 Patching C:\Qt\6.8.3\msvc2022_64\lib\Qt6QuickVectorImageGenerator.prl
2026-05-19 10:13:44,573 - aqt.updater - INFO - updater 33000 Patching C:\Qt\6.8.3\msvc2022_64\lib\Qt6QuickVectorImageGeneratord.prl
2026-05-19 10:13:44,581 - aqt.updater - INFO - updater 33000 Patching C:\Qt\6.8.3\msvc2022_64\lib\Qt6QuickWidgets.prl
2026-05-19 10:13:44,591 - aqt.updater - INFO - updater 33000 Patching C:\Qt\6.8.3\msvc2022_64\lib\Qt6QuickWidgetsd.prl
2026-05-19 10:13:44,603 - aqt.updater - INFO - updater 33000 Patching C:\Qt\6.8.3\msvc2022_64\lib\Qt6Sql.prl
2026-05-19 10:13:44,612 - aqt.updater - INFO - updater 33000 Patching C:\Qt\6.8.3\msvc2022_64\lib\Qt6Sqld.prl
2026-05-19 10:13:44,620 - aqt.updater - INFO - updater 33000 Patching C:\Qt\6.8.3\msvc2022_64\lib\Qt6Svg.prl
2026-05-19 10:13:44,628 - aqt.updater - INFO - updater 33000 Patching C:\Qt\6.8.3\msvc2022_64\lib\Qt6Svgd.prl
2026-05-19 10:13:44,638 - aqt.updater - INFO - updater 33000 Patching C:\Qt\6.8.3\msvc2022_64\lib\Qt6SvgWidgets.prl
2026-05-19 10:13:44,644 - aqt.updater - INFO - updater 33000 Patching C:\Qt\6.8.3\msvc2022_64\lib\Qt6SvgWidgetsd.prl
2026-05-19 10:13:44,653 - aqt.updater - INFO - updater 33000 Patching C:\Qt\6.8.3\msvc2022_64\lib\Qt6Test.prl
2026-05-19 10:13:44,663 - aqt.updater - INFO - updater 33000 Patching C:\Qt\6.8.3\msvc2022_64\lib\Qt6Testd.prl
2026-05-19 10:13:44,670 - aqt.updater - INFO - updater 33000 Patching C:\Qt\6.8.3\msvc2022_64\lib\Qt6UiTools.prl
2026-05-19 10:13:44,679 - aqt.updater - INFO - updater 33000 Patching C:\Qt\6.8.3\msvc2022_64\lib\Qt6UiToolsd.prl
2026-05-19 10:13:44,689 - aqt.updater - INFO - updater 33000 Patching C:\Qt\6.8.3\msvc2022_64\lib\Qt6Widgets.prl
2026-05-19 10:13:44,698 - aqt.updater - INFO - updater 33000 Patching C:\Qt\6.8.3\msvc2022_64\lib\Qt6Widgetsd.prl
2026-05-19 10:13:44,707 - aqt.updater - INFO - updater 33000 Patching C:\Qt\6.8.3\msvc2022_64\lib\Qt6Xml.prl
2026-05-19 10:13:44,714 - aqt.updater - INFO - updater 33000 Patching C:\Qt\6.8.3\msvc2022_64\lib\Qt6Xmld.prl
2026-05-19 10:13:44,724 - aqt.main - INFO - installer 33000 Finished installation
2026-05-19 10:13:44,724 - aqt.main - INFO - installer 33000 Time elapsed: 43.14127800 second
